2021-04-28 12:32:22,343:INFO:PyCaret Supervised Module
2021-04-28 12:32:22,344:INFO:ML Usecase: classification
2021-04-28 12:32:22,345:INFO:version 2.2.1
2021-04-28 12:32:22,345:INFO:Initializing setup()
2021-04-28 12:32:22,346:INFO:setup(target=label, ml_usecase=classification, available_plots={'parameter': 'Hyperparameters', 'auc': 'AUC', 'confusion_matrix': 'Confusion Matrix', 'threshold': 'Threshold', 'pr': 'Precision Recall', 'error': 'Prediction Error', 'class_report': 'Class Report', 'rfe': 'Feature Selection', 'learning': 'Learning Curve', 'manifold': 'Manifold Learning', 'calibration': 'Calibration Curve', 'vc': 'Validation Curve', 'dimension': 'Dimensions', 'feature': 'Feature Importance', 'feature_all': 'Feature Importance (All)', 'boundary': 'Decision Boundary', 'lift': 'Lift Chart', 'gain': 'Gain Chart', 'tree': 'Decision Tree'}, train_size=0.7, test_data=None, preprocess=True, imputation_type=simple, iterative_imputation_iters=5, categorical_features=None, categorical_imputation=constant, categorical_iterative_imputer=lightgbm, ordinal_features=None, high_cardinality_features=None, high_cardinality_method=frequency, numeric_features=None, numeric_imputation=mean, numeric_iterative_imputer=lightgbm, date_features=None, ignore_features=None, normalize=False, normalize_method=zscore, transformation=False, transformation_method=yeo-johnson, handle_unknown_categorical=True, unknown_categorical_method=least_frequent, pca=False, pca_method=linear, pca_components=None, ignore_low_variance=False, combine_rare_levels=False, rare_level_threshold=0.1, bin_numeric_features=None, remove_outliers=False, outliers_threshold=0.05, remove_multicollinearity=False, multicollinearity_threshold=0.9, remove_perfect_collinearity=True, create_clusters=False, cluster_iter=20, polynomial_features=False, polynomial_degree=2, trigonometry_features=False, polynomial_threshold=0.1, group_features=None, group_names=None, feature_selection=False, feature_selection_threshold=0.8, feature_selection_method=classic, feature_interaction=False, feature_ratio=False, interaction_threshold=0.01, fix_imbalance=False, fix_imbalance_method=None, transform_target=False, transform_target_method=box-cox, data_split_shuffle=True, data_split_stratify=False, fold_strategy=stratifiedkfold, fold=10, fold_shuffle=False, fold_groups=None, n_jobs=-1, use_gpu=False, custom_pipeline=None, html=True, session_id=None, log_experiment=False, experiment_name=None, log_plots=False, log_profile=False, log_data=False, silent=False, verbose=True, profile=False, profile_kwargs=None, display=None)
2021-04-28 12:32:22,348:INFO:Checking environment
2021-04-28 12:32:22,348:INFO:python_version: 3.7.0
2021-04-28 12:32:22,349:INFO:python_build: ('v3.7.0:1bf9cc5093', 'Jun 27 2018 04:59:51')
2021-04-28 12:32:22,349:INFO:machine: AMD64
2021-04-28 12:32:22,351:INFO:platform: Windows-10-10.0.19041-SP0
2021-04-28 12:32:22,355:WARNING:cannot find psutil installation. memory not traceable. Install psutil using pip to enable memory logging.
2021-04-28 12:32:22,355:INFO:Checking libraries
2021-04-28 12:32:22,355:INFO:pd==1.1.2
2021-04-28 12:32:22,356:INFO:numpy==1.19.1
2021-04-28 12:32:22,356:INFO:sklearn==0.23.2
2021-04-28 12:32:24,920:INFO:xgboost==1.2.1
2021-04-28 12:32:24,921:INFO:lightgbm==3.1.0
2021-04-28 12:32:27,821:INFO:catboost==0.24.3
2021-04-28 12:32:47,367:INFO:mlflow==1.12.1
2021-04-28 12:32:47,367:INFO:Checking Exceptions
2021-04-28 12:32:47,395:INFO:Declaring global variables
2021-04-28 12:32:47,396:INFO:USI: 3f0e
2021-04-28 12:32:47,396:INFO:pycaret_globals: {'_ml_usecase', 'experiment__', '_available_plots', 'data_before_preprocess', 'imputation_regressor', 'X_train', 'fold_param', 'html_param', 'USI', 'n_jobs_param', 'fix_imbalance_method_param', 'y_train', 'transform_target_param', 'master_model_container', 'logging_param', 'target_param', '_all_models_internal', '_all_models', 'seed', 'fold_generator', 'X_test', 'y', 'display_container', 'y_test', 'iterative_imputation_iters_param', 'fold_shuffle_param', 'fix_imbalance_param', '_gpu_n_jobs_param', 'fold_groups_param', 'exp_name_log', 'log_plots_param', 'imputation_classifier', 'X', 'stratify_param', 'create_model_container', 'transform_target_method_param', 'gpu_param', 'prep_pipe', '_all_metrics', 'pycaret_globals', '_internal_pipeline'}
2021-04-28 12:32:47,396:INFO:Preparing display monitor
2021-04-28 12:32:47,397:INFO:Preparing display monitor
2021-04-28 12:32:47,530:INFO:Importing libraries
2021-04-28 12:32:47,530:INFO:Copying data for preprocessing
2021-04-28 12:32:47,606:INFO:Declaring preprocessing parameters
2021-04-28 12:32:47,633:INFO:Creating preprocessing pipeline
2021-04-28 12:32:47,679:INFO:Preprocessing pipeline created successfully
2021-04-28 12:32:47,679:ERROR:(Process Exit): setup has been interupted with user command 'quit'. setup must rerun.
2021-04-28 12:32:47,679:INFO:Creating global containers
2021-04-28 12:32:47,693:INFO:Internal pipeline: Pipeline(memory=None, steps=[('empty_step', 'passthrough')], verbose=False)
